<?xml version="1.0" encoding="UTF-8"?>
<!-- Generated by org.testng.reporters.JUnitReportReporter -->
<testsuite hostname="DESKTOP-V76S8CV" failures="0" tests="2" name="com.qa.bridzelabz.CrossBrowserScript" time="46.561" errors="0" timestamp="2022-10-03T16:18:12 IST" skipped="0">
  <testcase classname="com.qa.bridzelabz.CrossBrowserScript" name="browserSetup" time="19.868"/>
  <system-out/>
  <testcase classname="com.qa.bridzelabz.CrossBrowserScript" name="browserSetup" time="26.693"/>
  <system-out/>
</testsuite> <!-- com.qa.bridzelabz.CrossBrowserScript -->
